<?xml version="1.0" encoding="UTF-8"?>
<!-- Generated by org.testng.reporters.JUnitXMLReporter -->
<testsuite hostname="Sharad-PC" ignored="0" name="Default test" tests="4" failures="0" timestamp="22 Mar 2018 10:38:05 GMT" time="0.068" errors="0">
  <testcase name="googleTitleTest" time="0.009" classname="com.test.TestNgBasics"/>
  <testcase name="searchTest" time="0.001" classname="com.test.TestNgBasics"/>
  <testcase name="test1" time="0.002" classname="com.test.TestNgBasics"/>
  <testcase name="test2" time="0.002" classname="com.test.TestNgBasics"/>
</testsuite> <!-- Default test -->
