<?xml version="1.0" encoding="UTF-8"?>
<testng-results skipped="0" failed="0" ignored="0" total="1" passed="1">
  <reporter-output>
  </reporter-output>
  <suite name="Suite" duration-ms="123" started-at="2018-03-27T21:15:41Z" finished-at="2018-03-27T21:15:42Z">
    <groups>
    </groups>
    <test name="Test" duration-ms="123" started-at="2018-03-27T21:15:41Z" finished-at="2018-03-27T21:15:42Z">
      <class name="demo.jenkins.test1.jenkinstest1Test">
        <test-method status="PASS" signature="testjenkins()[pri:0, instance:demo.jenkins.test1.jenkinstest1Test@7dc304]" name="testjenkins" duration-ms="16" started-at="2018-03-27T21:15:42Z" finished-at="2018-03-27T21:15:42Z">
          <reporter-output>
          </reporter-output>
        </test-method> <!-- testjenkins -->
      </class> <!-- demo.jenkins.test1.jenkinstest1Test -->
    </test> <!-- Test -->
  </suite> <!-- Suite -->
</testng-results>
