<?xml version="1.0" encoding="UTF-8"?>
<!-- Generated by org.testng.reporters.JUnitXMLReporter -->
<testsuite hostname="Sharad-PC" ignored="0" name="Default test" tests="4" failures="0" timestamp="10 Apr 2018 21:51:06 GMT" time="56.607" errors="0">
  <testcase name="Verifytitle_HomePage" time="0.072" classname="seleniumTests_bioagency.Bioagency_testngclass"/>
  <testcase name="VerifytheLogo_HomePage" time="0.204" classname="seleniumTests_bioagency.Bioagency_testngclass"/>
  <testcase name="VerifySidePanel" time="24.583" classname="seleniumTests_bioagency.Bioagency_testngclass"/>
  <testcase name="CountnumberofLinks_HomePage" time="1.058" classname="seleniumTests_bioagency.Bioagency_testngclass"/>
</testsuite> <!-- Default test -->
