<?xml version="1.0" encoding="UTF-8"?>
<!-- Generated by org.testng.reporters.JUnitXMLReporter -->
<testsuite hostname="Sharad-PC" ignored="0" name="testngTest" tests="1" failures="1" timestamp="09 Apr 2018 22:59:00 GMT" time="0.104" errors="0">
  <testcase name="GetIn" time="0.03" classname="seleniumTests_bioagency.GetInTouch">
    <failure type="java.lang.NullPointerException">
      <![CDATA[java.lang.NullPointerException
at seleniumTests_bioagency.GetInTouch.GetIn(GetInTouch.java:19)
... Removed 25 stack frames]]>
    </failure>
  </testcase> <!-- GetIn -->
</testsuite> <!-- testngTest -->
