<?xml version="1.0" encoding="UTF-8" ?>
<testsuite tests="7" failures="4" name="TestSuite" time="8.156" errors="0" skipped="1">
  <properties>
[...]
</properties>
  <testcase classname="com.crm.qa.testcases.ContactsPageTest" name="verifyContactsPageLabel" time="0.009">
    <failure type="java.lang.NullPointerException">java.lang.NullPointerException
	at com.crm.qa.testcases.ContactsPageTest.verifyContactsPageLabel(ContactsPageTest.java:55)
</failure>
    <system-out>Configuring TestNG with: org.apache.maven.surefire.testng.conf.TestNG652Configurator@b4a017
</system-out>
    <system-err>Starting ChromeDriver 2.36.540470 (e522d04694c7ebea4ba8821272dbef4f9b818c91) on port 5453
Only local connections are allowed.
Apr 08, 2018 6:50:58 AM org.openqa.selenium.remote.ProtocolHandshake createSession
INFO: Detected dialect: OSS
</system-err>
  </testcase>
  <testcase classname="com.crm.qa.testcases.LoginPageTest" name="loginPageTitleTest" time="0.053">
    <failure message="expected [#1 Free CRM for Any Business: Online Customer Relationship Software] but found [Free CRM in the cloud software boosts sales]" type="java.lang.AssertionError">java.lang.AssertionError: expected [#1 Free CRM for Any Business: Online Customer Relationship Software] but found [Free CRM in the cloud software boosts sales]
	at org.testng.Assert.fail(Assert.java:94)
	at org.testng.Assert.failNotEquals(Assert.java:494)
	at org.testng.Assert.assertEquals(Assert.java:123)
	at org.testng.Assert.assertEquals(Assert.java:176)
	at org.testng.Assert.assertEquals(Assert.java:186)
	at com.crm.qa.testcases.LoginPageTest.loginPageTitleTest(LoginPageTest.java:35)
</failure>
    <system-err>Starting ChromeDriver 2.36.540470 (e522d04694c7ebea4ba8821272dbef4f9b818c91) on port 21457
Only local connections are allowed.
Apr 08, 2018 6:51:12 AM org.openqa.selenium.remote.ProtocolHandshake createSession
INFO: Detected dialect: OSS
</system-err>
  </testcase>
  <testcase classname="com.crm.qa.testcases.ContactsPageTest" name="selectSingleContactsTest" time="0">
    <failure type="java.lang.NullPointerException">java.lang.NullPointerException
	at com.crm.qa.testcases.ContactsPageTest.selectSingleContactsTest(ContactsPageTest.java:60)
</failure>
    <system-err>Starting ChromeDriver 2.36.540470 (e522d04694c7ebea4ba8821272dbef4f9b818c91) on port 28811
Only local connections are allowed.
Apr 08, 2018 6:51:20 AM org.openqa.selenium.remote.ProtocolHandshake createSession
INFO: Detected dialect: OSS
</system-err>
  </testcase>
  <testcase classname="com.crm.qa.testcases.LoginPageTest" name="CRMLogoImageTest" time="0.123"/>
  <testcase classname="com.crm.qa.testcases.ContactsPageTest" name="selectMultipleContactsTest" time="0">
    <failure type="java.lang.NullPointerException">java.lang.NullPointerException
	at com.crm.qa.testcases.ContactsPageTest.selectMultipleContactsTest(ContactsPageTest.java:65)
</failure>
    <system-err>Starting ChromeDriver 2.36.540470 (e522d04694c7ebea4ba8821272dbef4f9b818c91) on port 18175
Only local connections are allowed.
Apr 08, 2018 6:51:41 AM org.openqa.selenium.remote.ProtocolHandshake createSession
INFO: Detected dialect: OSS
</system-err>
  </testcase>
  <testcase classname="com.crm.qa.testcases.LoginPageTest" name="loginTest" time="3.984"/>
  <testcase classname="com.crm.qa.testcases.ContactsPageTest" name="validateCreateNewContact" time="3.987">
    <skipped/>
  </testcase>
</testsuite>