<?xml version="1.0" encoding="UTF-8"?>
<testng-results skipped="0" failed="0" total="10" passed="10">
  <reporter-output>
  </reporter-output>
  <suite name="Default suite" duration-ms="86551" started-at="2018-04-08T23:02:17Z" finished-at="2018-04-08T23:03:44Z">
    <groups>
    </groups>
    <test name="Default test" duration-ms="86551" started-at="2018-04-08T23:02:17Z" finished-at="2018-04-08T23:03:44Z">
      <class name="testNGData.LoginTest">
        <test-method status="PASS" signature="setUp()[pri:0, instance:testNGData.LoginTest@12108b5]" name="setUp" is-config="true" duration-ms="6602" started-at="2018-04-09T04:32:18Z" finished-at="2018-04-09T04:32:25Z">
          <reporter-output>
          </reporter-output>
        </test-method> <!-- setUp -->
        <test-method status="PASS" signature="loginTest(java.lang.String, java.lang.String)[pri:0, instance:testNGData.LoginTest@12108b5]" name="loginTest" duration-ms="1108" started-at="2018-04-09T04:32:25Z" data-provider="getLoginData" finished-at="2018-04-09T04:32:26Z">
          <params>
            <param index="0">
              <value>
                <![CDATA[John]]>
              </value>
            </param>
            <param index="1">
              <value>
                <![CDATA[test]]>
              </value>
            </param>
          </params>
          <reporter-output>
          </reporter-output>
        </test-method> <!-- loginTest -->
        <test-method status="PASS" signature="tearDown()[pri:0, instance:testNGData.LoginTest@12108b5]" name="tearDown" is-config="true" duration-ms="832" started-at="2018-04-09T04:32:26Z" finished-at="2018-04-09T04:32:27Z">
          <reporter-output>
          </reporter-output>
        </test-method> <!-- tearDown -->
        <test-method status="PASS" signature="setUp()[pri:0, instance:testNGData.LoginTest@12108b5]" name="setUp" is-config="true" duration-ms="5909" started-at="2018-04-09T04:32:27Z" finished-at="2018-04-09T04:32:33Z">
          <reporter-output>
          </reporter-output>
        </test-method> <!-- setUp -->
        <test-method status="PASS" signature="loginTest(java.lang.String, java.lang.String)[pri:0, instance:testNGData.LoginTest@12108b5]" name="loginTest" duration-ms="1392" started-at="2018-04-09T04:32:33Z" data-provider="getLoginData" finished-at="2018-04-09T04:32:34Z">
          <params>
            <param index="0">
              <value>
                <![CDATA[Doe]]>
              </value>
            </param>
            <param index="1">
              <value>
                <![CDATA[test]]>
              </value>
            </param>
          </params>
          <reporter-output>
          </reporter-output>
        </test-method> <!-- loginTest -->
        <test-method status="PASS" signature="tearDown()[pri:0, instance:testNGData.LoginTest@12108b5]" name="tearDown" is-config="true" duration-ms="796" started-at="2018-04-09T04:32:34Z" finished-at="2018-04-09T04:32:35Z">
          <reporter-output>
          </reporter-output>
        </test-method> <!-- tearDown -->
        <test-method status="PASS" signature="setUp()[pri:0, instance:testNGData.LoginTest@12108b5]" name="setUp" is-config="true" duration-ms="6938" started-at="2018-04-09T04:32:35Z" finished-at="2018-04-09T04:32:42Z">
          <reporter-output>
          </reporter-output>
        </test-method> <!-- setUp -->
        <test-method status="PASS" signature="loginTest(java.lang.String, java.lang.String)[pri:0, instance:testNGData.LoginTest@12108b5]" name="loginTest" duration-ms="1161" started-at="2018-04-09T04:32:42Z" data-provider="getLoginData" finished-at="2018-04-09T04:32:43Z">
          <params>
            <param index="0">
              <value>
                <![CDATA[Love]]>
              </value>
            </param>
            <param index="1">
              <value>
                <![CDATA[test]]>
              </value>
            </param>
          </params>
          <reporter-output>
          </reporter-output>
        </test-method> <!-- loginTest -->
        <test-method status="PASS" signature="tearDown()[pri:0, instance:testNGData.LoginTest@12108b5]" name="tearDown" is-config="true" duration-ms="856" started-at="2018-04-09T04:32:43Z" finished-at="2018-04-09T04:32:44Z">
          <reporter-output>
          </reporter-output>
        </test-method> <!-- tearDown -->
        <test-method status="PASS" signature="setUp()[pri:0, instance:testNGData.LoginTest@12108b5]" name="setUp" is-config="true" duration-ms="5598" started-at="2018-04-09T04:32:44Z" finished-at="2018-04-09T04:32:50Z">
          <reporter-output>
          </reporter-output>
        </test-method> <!-- setUp -->
        <test-method status="PASS" signature="loginTest(java.lang.String, java.lang.String)[pri:0, instance:testNGData.LoginTest@12108b5]" name="loginTest" duration-ms="1068" started-at="2018-04-09T04:32:50Z" data-provider="getLoginData" finished-at="2018-04-09T04:32:51Z">
          <params>
            <param index="0">
              <value>
                <![CDATA[Nav]]>
              </value>
            </param>
            <param index="1">
              <value>
                <![CDATA[test]]>
              </value>
            </param>
          </params>
          <reporter-output>
          </reporter-output>
        </test-method> <!-- loginTest -->
        <test-method status="PASS" signature="tearDown()[pri:0, instance:testNGData.LoginTest@12108b5]" name="tearDown" is-config="true" duration-ms="794" started-at="2018-04-09T04:32:51Z" finished-at="2018-04-09T04:32:51Z">
          <reporter-output>
          </reporter-output>
        </test-method> <!-- tearDown -->
        <test-method status="PASS" signature="setUp()[pri:0, instance:testNGData.LoginTest@12108b5]" name="setUp" is-config="true" duration-ms="8112" started-at="2018-04-09T04:32:51Z" finished-at="2018-04-09T04:33:00Z">
          <reporter-output>
          </reporter-output>
        </test-method> <!-- setUp -->
        <test-method status="PASS" signature="loginTest(java.lang.String, java.lang.String)[pri:0, instance:testNGData.LoginTest@12108b5]" name="loginTest" duration-ms="984" started-at="2018-04-09T04:33:00Z" data-provider="getLoginData" finished-at="2018-04-09T04:33:00Z">
          <params>
            <param index="0">
              <value>
                <![CDATA[Priya]]>
              </value>
            </param>
            <param index="1">
              <value>
                <![CDATA[test]]>
              </value>
            </param>
          </params>
          <reporter-output>
          </reporter-output>
        </test-method> <!-- loginTest -->
        <test-method status="PASS" signature="tearDown()[pri:0, instance:testNGData.LoginTest@12108b5]" name="tearDown" is-config="true" duration-ms="830" started-at="2018-04-09T04:33:00Z" finished-at="2018-04-09T04:33:01Z">
          <reporter-output>
          </reporter-output>
        </test-method> <!-- tearDown -->
        <test-method status="PASS" signature="setUp()[pri:0, instance:testNGData.LoginTest@12108b5]" name="setUp" is-config="true" duration-ms="7120" started-at="2018-04-09T04:33:01Z" finished-at="2018-04-09T04:33:08Z">
          <reporter-output>
          </reporter-output>
        </test-method> <!-- setUp -->
        <test-method status="PASS" signature="loginTest(java.lang.String, java.lang.String)[pri:0, instance:testNGData.LoginTest@12108b5]" name="loginTest" duration-ms="1080" started-at="2018-04-09T04:33:08Z" data-provider="getLoginData" finished-at="2018-04-09T04:33:10Z">
          <params>
            <param index="0">
              <value>
                <![CDATA[Priyank]]>
              </value>
            </param>
            <param index="1">
              <value>
                <![CDATA[test]]>
              </value>
            </param>
          </params>
          <reporter-output>
          </reporter-output>
        </test-method> <!-- loginTest -->
        <test-method status="PASS" signature="tearDown()[pri:0, instance:testNGData.LoginTest@12108b5]" name="tearDown" is-config="true" duration-ms="811" started-at="2018-04-09T04:33:10Z" finished-at="2018-04-09T04:33:10Z">
          <reporter-output>
          </reporter-output>
        </test-method> <!-- tearDown -->
        <test-method status="PASS" signature="setUp()[pri:0, instance:testNGData.LoginTest@12108b5]" name="setUp" is-config="true" duration-ms="7257" started-at="2018-04-09T04:33:10Z" finished-at="2018-04-09T04:33:18Z">
          <reporter-output>
          </reporter-output>
        </test-method> <!-- setUp -->
        <test-method status="PASS" signature="loginTest(java.lang.String, java.lang.String)[pri:0, instance:testNGData.LoginTest@12108b5]" name="loginTest" duration-ms="1168" started-at="2018-04-09T04:33:18Z" data-provider="getLoginData" finished-at="2018-04-09T04:33:19Z">
          <params>
            <param index="0">
              <value>
                <![CDATA[Anisha]]>
              </value>
            </param>
            <param index="1">
              <value>
                <![CDATA[test]]>
              </value>
            </param>
          </params>
          <reporter-output>
          </reporter-output>
        </test-method> <!-- loginTest -->
        <test-method status="PASS" signature="tearDown()[pri:0, instance:testNGData.LoginTest@12108b5]" name="tearDown" is-config="true" duration-ms="761" started-at="2018-04-09T04:33:19Z" finished-at="2018-04-09T04:33:20Z">
          <reporter-output>
          </reporter-output>
        </test-method> <!-- tearDown -->
        <test-method status="PASS" signature="setUp()[pri:0, instance:testNGData.LoginTest@12108b5]" name="setUp" is-config="true" duration-ms="6669" started-at="2018-04-09T04:33:20Z" finished-at="2018-04-09T04:33:26Z">
          <reporter-output>
          </reporter-output>
        </test-method> <!-- setUp -->
        <test-method status="PASS" signature="loginTest(java.lang.String, java.lang.String)[pri:0, instance:testNGData.LoginTest@12108b5]" name="loginTest" duration-ms="1093" started-at="2018-04-09T04:33:26Z" data-provider="getLoginData" finished-at="2018-04-09T04:33:27Z">
          <params>
            <param index="0">
              <value>
                <![CDATA[Chandan]]>
              </value>
            </param>
            <param index="1">
              <value>
                <![CDATA[test]]>
              </value>
            </param>
          </params>
          <reporter-output>
          </reporter-output>
        </test-method> <!-- loginTest -->
        <test-method status="PASS" signature="tearDown()[pri:0, instance:testNGData.LoginTest@12108b5]" name="tearDown" is-config="true" duration-ms="791" started-at="2018-04-09T04:33:27Z" finished-at="2018-04-09T04:33:28Z">
          <reporter-output>
          </reporter-output>
        </test-method> <!-- tearDown -->
        <test-method status="PASS" signature="setUp()[pri:0, instance:testNGData.LoginTest@12108b5]" name="setUp" is-config="true" duration-ms="5947" started-at="2018-04-09T04:33:28Z" finished-at="2018-04-09T04:33:34Z">
          <reporter-output>
          </reporter-output>
        </test-method> <!-- setUp -->
        <test-method status="PASS" signature="loginTest(java.lang.String, java.lang.String)[pri:0, instance:testNGData.LoginTest@12108b5]" name="loginTest" duration-ms="1095" started-at="2018-04-09T04:33:34Z" data-provider="getLoginData" finished-at="2018-04-09T04:33:35Z">
          <params>
            <param index="0">
              <value>
                <![CDATA[Kunjal]]>
              </value>
            </param>
            <param index="1">
              <value>
                <![CDATA[test]]>
              </value>
            </param>
          </params>
          <reporter-output>
          </reporter-output>
        </test-method> <!-- loginTest -->
        <test-method status="PASS" signature="tearDown()[pri:0, instance:testNGData.LoginTest@12108b5]" name="tearDown" is-config="true" duration-ms="756" started-at="2018-04-09T04:33:35Z" finished-at="2018-04-09T04:33:36Z">
          <reporter-output>
          </reporter-output>
        </test-method> <!-- tearDown -->
        <test-method status="PASS" signature="setUp()[pri:0, instance:testNGData.LoginTest@12108b5]" name="setUp" is-config="true" duration-ms="6230" started-at="2018-04-09T04:33:36Z" finished-at="2018-04-09T04:33:42Z">
          <reporter-output>
          </reporter-output>
        </test-method> <!-- setUp -->
        <test-method status="PASS" signature="loginTest(java.lang.String, java.lang.String)[pri:0, instance:testNGData.LoginTest@12108b5]" name="loginTest" duration-ms="1092" started-at="2018-04-09T04:33:42Z" data-provider="getLoginData" finished-at="2018-04-09T04:33:43Z">
          <params>
            <param index="0">
              <value>
                <![CDATA[felix]]>
              </value>
            </param>
            <param index="1">
              <value>
                <![CDATA[test]]>
              </value>
            </param>
          </params>
          <reporter-output>
          </reporter-output>
        </test-method> <!-- loginTest -->
        <test-method status="PASS" signature="tearDown()[pri:0, instance:testNGData.LoginTest@12108b5]" name="tearDown" is-config="true" duration-ms="830" started-at="2018-04-09T04:33:43Z" finished-at="2018-04-09T04:33:44Z">
          <reporter-output>
          </reporter-output>
        </test-method> <!-- tearDown -->
      </class> <!-- testNGData.LoginTest -->
    </test> <!-- Default test -->
  </suite> <!-- Default suite -->
</testng-results>
