<?xml version="1.0" encoding="UTF-8"?>
<testng-results skipped="0" failed="0" ignored="0" total="4" passed="4">
  <reporter-output>
  </reporter-output>
  <suite name="Default suite" duration-ms="56607" started-at="2018-04-10T21:50:09Z" finished-at="2018-04-10T21:51:06Z">
    <groups>
    </groups>
    <test name="Default test" duration-ms="56607" started-at="2018-04-10T21:50:09Z" finished-at="2018-04-10T21:51:06Z">
      <class name="seleniumTests_bioagency.Bioagency_testngclass">
        <test-method status="PASS" signature="setUp()[pri:0, instance:seleniumTests_bioagency.Bioagency_testngclass@38203]" name="setUp" is-config="true" duration-ms="8552" started-at="2018-04-10T21:50:09Z" finished-at="2018-04-10T21:50:18Z">
          <reporter-output>
          </reporter-output>
        </test-method> <!-- setUp -->
        <test-method status="PASS" signature="Verifytitle_HomePage()[pri:1, instance:seleniumTests_bioagency.Bioagency_testngclass@38203]" name="Verifytitle_HomePage" duration-ms="72" started-at="2018-04-10T21:50:18Z" finished-at="2018-04-10T21:50:18Z">
          <reporter-output>
          </reporter-output>
        </test-method> <!-- Verifytitle_HomePage -->
        <test-method status="PASS" signature="teardown()[pri:0, instance:seleniumTests_bioagency.Bioagency_testngclass@38203]" name="teardown" is-config="true" duration-ms="832" started-at="2018-04-10T21:50:18Z" finished-at="2018-04-10T21:50:19Z">
          <reporter-output>
          </reporter-output>
        </test-method> <!-- teardown -->
        <test-method status="PASS" signature="setUp()[pri:0, instance:seleniumTests_bioagency.Bioagency_testngclass@38203]" name="setUp" is-config="true" duration-ms="6065" started-at="2018-04-10T21:50:19Z" finished-at="2018-04-10T21:50:25Z">
          <reporter-output>
          </reporter-output>
        </test-method> <!-- setUp -->
        <test-method status="PASS" signature="VerifytheLogo_HomePage()[pri:2, instance:seleniumTests_bioagency.Bioagency_testngclass@38203]" name="VerifytheLogo_HomePage" duration-ms="204" started-at="2018-04-10T21:50:25Z" finished-at="2018-04-10T21:50:25Z">
          <reporter-output>
          </reporter-output>
        </test-method> <!-- VerifytheLogo_HomePage -->
        <test-method status="PASS" signature="teardown()[pri:0, instance:seleniumTests_bioagency.Bioagency_testngclass@38203]" name="teardown" is-config="true" duration-ms="747" started-at="2018-04-10T21:50:25Z" finished-at="2018-04-10T21:50:26Z">
          <reporter-output>
          </reporter-output>
        </test-method> <!-- teardown -->
        <test-method status="PASS" signature="setUp()[pri:0, instance:seleniumTests_bioagency.Bioagency_testngclass@38203]" name="setUp" is-config="true" duration-ms="6217" started-at="2018-04-10T21:50:26Z" finished-at="2018-04-10T21:50:32Z">
          <reporter-output>
          </reporter-output>
        </test-method> <!-- setUp -->
        <test-method status="PASS" signature="VerifySidePanel()[pri:3, instance:seleniumTests_bioagency.Bioagency_testngclass@38203]" name="VerifySidePanel" duration-ms="24583" started-at="2018-04-10T21:50:32Z" finished-at="2018-04-10T21:50:57Z">
          <reporter-output>
          </reporter-output>
        </test-method> <!-- VerifySidePanel -->
        <test-method status="PASS" signature="teardown()[pri:0, instance:seleniumTests_bioagency.Bioagency_testngclass@38203]" name="teardown" is-config="true" duration-ms="893" started-at="2018-04-10T21:50:57Z" finished-at="2018-04-10T21:50:58Z">
          <reporter-output>
          </reporter-output>
        </test-method> <!-- teardown -->
        <test-method status="PASS" signature="setUp()[pri:0, instance:seleniumTests_bioagency.Bioagency_testngclass@38203]" name="setUp" is-config="true" duration-ms="6514" started-at="2018-04-10T21:50:58Z" finished-at="2018-04-10T21:51:04Z">
          <reporter-output>
          </reporter-output>
        </test-method> <!-- setUp -->
        <test-method status="PASS" signature="CountnumberofLinks_HomePage()[pri:4, instance:seleniumTests_bioagency.Bioagency_testngclass@38203]" name="CountnumberofLinks_HomePage" duration-ms="1058" started-at="2018-04-10T21:51:04Z" finished-at="2018-04-10T21:51:05Z">
          <reporter-output>
          </reporter-output>
        </test-method> <!-- CountnumberofLinks_HomePage -->
        <test-method status="PASS" signature="teardown()[pri:0, instance:seleniumTests_bioagency.Bioagency_testngclass@38203]" name="teardown" is-config="true" duration-ms="807" started-at="2018-04-10T21:51:05Z" finished-at="2018-04-10T21:51:06Z">
          <reporter-output>
          </reporter-output>
        </test-method> <!-- teardown -->
      </class> <!-- seleniumTests_bioagency.Bioagency_testngclass -->
    </test> <!-- Default test -->
  </suite> <!-- Default suite -->
</testng-results>
