<?xml version="1.0" encoding="UTF-8"?>
<testng-results skipped="0" failed="0" ignored="0" total="1" passed="1">
  <reporter-output>
  </reporter-output>
  <suite name="Default suite" duration-ms="17225" started-at="2018-03-26T13:25:17Z" finished-at="2018-03-26T13:25:34Z">
    <groups>
    </groups>
    <test name="Default test" duration-ms="17225" started-at="2018-03-26T13:25:17Z" finished-at="2018-03-26T13:25:34Z">
      <class name="com.datadriven.tests.ParameterizeTest">
        <test-method status="PASS" signature="result()[pri:0, instance:com.datadriven.tests.ParameterizeTest@157cd72]" name="result" duration-ms="17185" started-at="2018-03-26T13:25:17Z" finished-at="2018-03-26T13:25:34Z">
          <reporter-output>
          </reporter-output>
        </test-method> <!-- result -->
      </class> <!-- com.datadriven.tests.ParameterizeTest -->
    </test> <!-- Default test -->
  </suite> <!-- Default suite -->
</testng-results>
