<?xml version="1.0" encoding="UTF-8"?>
<!-- Generated by org.testng.reporters.JUnitXMLReporter -->
<testsuite hostname="Sharad-PC" name="Default test" tests="10" failures="0" timestamp="8 Apr 2018 23:03:44 GMT" time="86.551" errors="0">
  <testcase name="loginTest" time="1.108" classname="testNGData.LoginTest"/>
  <testcase name="loginTest" time="1.392" classname="testNGData.LoginTest"/>
  <testcase name="loginTest" time="1.161" classname="testNGData.LoginTest"/>
  <testcase name="loginTest" time="1.068" classname="testNGData.LoginTest"/>
  <testcase name="loginTest" time="0.984" classname="testNGData.LoginTest"/>
  <testcase name="loginTest" time="1.08" classname="testNGData.LoginTest"/>
  <testcase name="loginTest" time="1.168" classname="testNGData.LoginTest"/>
  <testcase name="loginTest" time="1.093" classname="testNGData.LoginTest"/>
  <testcase name="loginTest" time="1.095" classname="testNGData.LoginTest"/>
  <testcase name="loginTest" time="1.092" classname="testNGData.LoginTest"/>
</testsuite> <!-- Default test -->
