<?xml version="1.0" encoding="UTF-8"?>
<!-- Generated by org.testng.reporters.JUnitXMLReporter -->
<testsuite hostname="Sharad-PC" ignored="0" name="Different Features test" tests="12" failures="0" timestamp="22 Mar 2018 10:39:14 GMT" time="0.077" errors="0">
  <testcase name="test1" time="0.007" classname="com.test.ExceptionTimeOutTest"/>
  <testcase name="sum" time="0.002" classname="com.test.InvocationCountTest"/>
  <testcase name="sum" time="0.001" classname="com.test.InvocationCountTest"/>
  <testcase name="sum" time="0.002" classname="com.test.InvocationCountTest"/>
  <testcase name="sum" time="0.001" classname="com.test.InvocationCountTest"/>
  <testcase name="sum" time="0.001" classname="com.test.InvocationCountTest"/>
  <testcase name="sum" time="0.002" classname="com.test.InvocationCountTest"/>
  <testcase name="sum" time="0.001" classname="com.test.InvocationCountTest"/>
  <testcase name="sum" time="0.001" classname="com.test.InvocationCountTest"/>
  <testcase name="sum" time="0.002" classname="com.test.InvocationCountTest"/>
  <testcase name="sum" time="0.0" classname="com.test.InvocationCountTest"/>
  <testcase name="logintest" time="0.002" classname="com.test.TestNgFeatures"/>
</testsuite> <!-- Different Features test -->
